/js/site.js.GET took 39ms. User: unknown
/TaskProject.GET took 13ms. User: unknown
/index.html.GET took 9ms. User: unknown
/js/site.js.GET took 1ms. User: unknown
/css/site.css.GET took 5ms. User: unknown
/TaskProject.GET took 0ms. User: unknown
/favicon.ico.GET took 0ms. User: unknown
/TaskProject.POST took 21ms. User: unknown
/TaskProject.GET took 0ms. User: unknown
/js/site.js.GET took 51ms. User: unknown
/TaskProject.GET took 21ms. User: unknown
/TaskProject/2.DELETE took 0ms. User: unknown
/TaskProject.GET took 0ms. User: unknown
/TaskProject/2.DELETE took 0ms. User: unknown
/TaskProject.GET took 0ms. User: unknown
/TaskProject/2.PUT took 22ms. User: unknown
/TaskProject.GET took 0ms. User: unknown
/TaskProject/5.DELETE took 0ms. User: unknown
/TaskProject.GET took 0ms. User: unknown
/TaskProject/5.DELETE took 0ms. User: unknown
/TaskProject.GET took 0ms. User: unknown
/TaskProject/5.DELETE took 0ms. User: unknown
/TaskProject.GET took 0ms. User: unknown
/TaskProject/3.DELETE took 0ms. User: unknown
/TaskProject.GET took 0ms. User: unknown
/TaskProject/2.DELETE took 0ms. User: unknown
/TaskProject.GET took 0ms. User: unknown
/TaskProject/2.PUT took 1ms. User: unknown
/TaskProject/2.PUT took 0ms. User: unknown
/TaskProject.GET took 0ms. User: unknown
/TaskProject/2.PUT took 0ms. User: unknown
/TaskProject.GET took 0ms. User: unknown
/index.html.GET took 8ms. User: unknown
/js/site.js.GET took 1ms. User: unknown
/TaskProject.GET took 0ms. User: unknown
/TaskProject.POST took 1ms. User: unknown
/TaskProject.GET took 0ms. User: unknown
/TaskProject.POST took 0ms. User: unknown
/TaskProject.GET took 0ms. User: unknown
/TaskProject/2.DELETE took 0ms. User: unknown
/TaskProject.GET took 0ms. User: unknown
/TaskProject/2.DELETE took 0ms. User: unknown
/TaskProject.GET took 0ms. User: unknown
/TaskProject/2.PUT took 0ms. User: unknown
/TaskProject.GET took 0ms. User: unknown
/TaskProject/2.GET took 4ms. User: unknown
/TaskProject/2.DELETE took 0ms. User: unknown
/TaskProject.GET took 0ms. User: unknown
/TaskProject/2.DELETE took 0ms. User: unknown
/TaskProject.GET took 0ms. User: unknown
/TaskProject.POST took 0ms. User: unknown
/TaskProject.GET took 0ms. User: unknown
/TaskProject.POST took 0ms. User: unknown
/TaskProject.GET took 0ms. User: unknown
/TaskProject.POST took 0ms. User: unknown
/TaskProject.GET took 0ms. User: unknown
/TaskProject.POST took 0ms. User: unknown
/TaskProject.GET took 0ms. User: unknown
/TaskProject.POST took 0ms. User: unknown
/TaskProject.GET took 0ms. User: unknown
/TaskProject.POST took 0ms. User: unknown
/TaskProject.GET took 0ms. User: unknown
/TaskProject/2.PUT took 0ms. User: unknown
/TaskProject/2.PUT took 0ms. User: unknown
/js/site.js.GET took 30ms. User: unknown
/TaskProject.GET took 13ms. User: unknown
/TaskProject/4.PUT took 25ms. User: unknown
/TaskProject.GET took 0ms. User: unknown
/TaskProject/2.PUT took 0ms. User: unknown
/TaskProject.GET took 0ms. User: unknown
/TaskProject/2.DELETE took 0ms. User: unknown
/TaskProject.GET took 0ms. User: unknown
/TaskProject.POST took 1ms. User: unknown
/TaskProject.GET took 0ms. User: unknown
/swagger/index.html.GET took 34ms. User: unknown
/swagger/v1/swagger.json.GET took 95ms. User: unknown
/TaskProject.GET took 0ms. User: unknown
/TaskProject.POST took 21ms. User: unknown
/TaskProject.POST took 0ms. User: unknown
/TaskProject.GET took 0ms. User: unknown
/swagger/index.html.GET took 0ms. User: unknown
/swagger/v1/swagger.json.GET took 1ms. User: unknown
/js/site.js.GET took 4ms. User: unknown
/TaskProject.GET took 0ms. User: unknown
/index.html.GET took 17ms. User: unknown
/css/site.css.GET took 5ms. User: unknown
/favicon.ico.GET took 4ms. User: unknown
/index.html.GET took 40ms. User: unknown
/css/site.css.GET took 5ms. User: unknown
/favicon.ico.GET took 2ms. User: unknown
/index.html.GET took 36ms. User: unknown
/TaskProject.GET took 21ms. User: unknown
/TaskProject.POST took 27ms. User: unknown
/TaskProject.GET took 0ms. User: unknown
/index.html.GET took 35ms. User: unknown
/TaskProject.GET took 18ms. User: unknown
/TaskProject.POST took 25ms. User: unknown
/TaskProject.GET took 0ms. User: unknown
/TaskProject/2.DELETE took 0ms. User: unknown
/TaskProject.GET took 0ms. User: unknown
/TaskProject/2.PUT took 2ms. User: unknown
/TaskProject.GET took 0ms. User: unknown
/TaskProject.POST took 41ms. User: unknown
/TaskProject.GET took 19ms. User: unknown
/index.html.GET took 17ms. User: unknown
/css/site.css.GET took 6ms. User: unknown
/favicon.ico.GET took 0ms. User: unknown
/index.html.GET took 6ms. User: unknown
/TaskProject.GET took 0ms. User: unknown
/TaskProject.POST took 1ms. User: unknown
/TaskProject.GET took 0ms. User: unknown
/TaskProject/2.PUT took 2ms. User: unknown
/TaskProject.GET took 0ms. User: unknown
/swagger/index.html.GET took 33ms. User: unknown
/swagger/v1/swagger.json.GET took 76ms. User: unknown
/TaskProject.POST took 33ms. User: unknown
/TaskProject.GET took 0ms. User: unknown
/index.html.GET took 3ms. User: unknown
/TaskProject.GET took 0ms. User: unknown
/TaskProject.POST took 0ms. User: unknown
/TaskProject.GET took 0ms. User: unknown
/TaskProject.POST took 0ms. User: unknown
/TaskProject.GET took 0ms. User: unknown
/TaskProject.POST took 0ms. User: unknown
/TaskProject.GET took 0ms. User: unknown
/TaskProject.POST took 0ms. User: unknown
/TaskProject.GET took 0ms. User: unknown
/index.html.GET took 2ms. User: unknown
/TaskProject.GET took 0ms. User: unknown
/TaskProject.POST took 0ms. User: unknown
/TaskProject.GET took 0ms. User: unknown
/index.html.GET took 6ms. User: unknown
/css/site.css.GET took 15ms. User: unknown
/favicon.ico.GET took 0ms. User: unknown
/index.html.GET took 3ms. User: unknown
/js/site.js.GET took 1ms. User: unknown
/TaskProject.GET took 0ms. User: unknown
/index.html.GET took 1ms. User: unknown
/js/site.js.GET took 3ms. User: unknown
/TaskProject.GET took 0ms. User: unknown
/TaskProject.POST took 6ms. User: unknown
/TaskProject.GET took 0ms. User: unknown
/TaskProject.POST took 8ms. User: unknown
/TaskProject.GET took 0ms. User: unknown
/TaskProject.POST took 6ms. User: unknown
/TaskProject.GET took 0ms. User: unknown
/TaskProject.POST took 4ms. User: unknown
/TaskProject.GET took 0ms. User: unknown
/TaskProject.POST took 5ms. User: unknown
/TaskProject.GET took 0ms. User: unknown
/TaskProject.POST took 5ms. User: unknown
/TaskProject.GET took 0ms. User: unknown
/TaskProject.POST took 6ms. User: unknown
/TaskProject.GET took 0ms. User: unknown
/TaskProject.POST took 9ms. User: unknown
/TaskProject.GET took 0ms. User: unknown
/TaskProject.POST took 6ms. User: unknown
/TaskProject.GET took 0ms. User: unknown
/TaskProject.POST took 5ms. User: unknown
/TaskProject.GET took 0ms. User: unknown
/TaskProject.POST took 6ms. User: unknown
/TaskProject.GET took 0ms. User: unknown
/TaskProject/8.DELETE took 0ms. User: unknown
/TaskProject.GET took 0ms. User: unknown
/TaskProject/8.DELETE took 0ms. User: unknown
/TaskProject.GET took 0ms. User: unknown
/TaskProject/8.DELETE took 0ms. User: unknown
/TaskProject.GET took 0ms. User: unknown
/TaskProject/8.DELETE took 0ms. User: unknown
/TaskProject.GET took 0ms. User: unknown
/TaskProject/8.DELETE took 0ms. User: unknown
/TaskProject.GET took 0ms. User: unknown
/index.html.GET took 2ms. User: unknown
/js/site.js.GET took 3ms. User: unknown
/TaskProject.GET took 0ms. User: unknown
/TaskProject/2.DELETE took 0ms. User: unknown
/TaskProject.GET took 0ms. User: unknown
/TaskProject/3.DELETE took 38ms. User: unknown
/TaskProject.GET took 18ms. User: unknown
/TaskProject/4.DELETE took 7ms. User: unknown
/TaskProject.GET took 0ms. User: unknown
/TaskProject/5.DELETE took 6ms. User: unknown
/TaskProject.GET took 0ms. User: unknown
/TaskProject/6.DELETE took 8ms. User: unknown
/TaskProject.GET took 0ms. User: unknown
/TaskProject/7.DELETE took 4ms. User: unknown
/TaskProject.GET took 0ms. User: unknown
/TaskProject/8.DELETE took 6ms. User: unknown
/TaskProject.GET took 0ms. User: unknown
/TaskProject/9.DELETE took 5ms. User: unknown
/TaskProject.GET took 0ms. User: unknown
/TaskProject/10.DELETE took 5ms. User: unknown
/TaskProject.GET took 0ms. User: unknown
/TaskProject/11.DELETE took 18ms. User: unknown
/TaskProject.GET took 0ms. User: unknown
/TaskProject/12.DELETE took 6ms. User: unknown
/TaskProject.GET took 0ms. User: unknown
/TaskProject/13.DELETE took 5ms. User: unknown
/TaskProject.GET took 0ms. User: unknown
/TaskProject/14.DELETE took 5ms. User: unknown
/TaskProject.GET took 0ms. User: unknown
/TaskProject/15.DELETE took 5ms. User: unknown
/TaskProject.GET took 0ms. User: unknown
/TaskProject/16.PUT took 11ms. User: unknown
/index.html.GET took 15ms. User: unknown
/js/site.js.GET took 4ms. User: unknown
/TaskProject.GET took 0ms. User: unknown
/favicon.ico.GET took 2ms. User: unknown
/index.html.GET took 5ms. User: unknown
/js/site.js.GET took 1ms. User: unknown
/TaskProject.GET took 0ms. User: unknown
/TaskProject.POST took 29ms. User: unknown
/TaskProject.GET took 0ms. User: unknown
/TaskProject/2.PUT took 8ms. User: unknown
/TaskProject.GET took 0ms. User: unknown
/TaskProject/2.PUT took 7ms. User: unknown
/TaskProject.GET took 0ms. User: unknown
/index.html.GET took 2ms. User: unknown
/js/site.js.GET took 17ms. User: unknown
/TaskProject.GET took 0ms. User: unknown
/TaskProject/2.PUT took 0ms. User: unknown
/TaskProject.GET took 0ms. User: unknown
/TaskProject/2.PUT took 0ms. User: unknown
/index.html.GET took 2ms. User: unknown
/js/site.js.GET took 12ms. User: unknown
/TaskProject.GET took 0ms. User: unknown
/TaskProject/2.PUT took 9ms. User: unknown
/TaskProject.GET took 0ms. User: unknown
/js/site.js.GET took 30ms. User: unknown
/TaskProject.GET took 14ms. User: unknown
/TaskProject.GET took 4ms. User: unknown
/TaskProject/2.DELETE took 19ms. User: unknown
/TaskProject.GET took 0ms. User: unknown
/TaskProject/16.DELETE took 6ms. User: unknown
/TaskProject.GET took 0ms. User: unknown
/TaskProject/17.DELETE took 6ms. User: unknown
/TaskProject.GET took 0ms. User: unknown
/TaskProject/18.DELETE took 6ms. User: unknown
/TaskProject.GET took 0ms. User: unknown
/TaskProject/19.DELETE took 5ms. User: unknown
/TaskProject.GET took 0ms. User: unknown
/TaskProject.POST took 31ms. User: unknown
/TaskProject.GET took 0ms. User: unknown
/TaskProject.POST took 8ms. User: unknown
/TaskProject.GET took 0ms. User: unknown
/TaskProject.POST took 6ms. User: unknown
/TaskProject.GET took 0ms. User: unknown
/TaskProject.POST took 6ms. User: unknown
/TaskProject.GET took 0ms. User: unknown
/TaskProject/1.PUT took 6ms. User: unknown
/TaskProject.GET took 0ms. User: unknown
/TaskProject/1.PUT took 7ms. User: unknown
/TaskProject.GET took 0ms. User: unknown
/TaskProject.POST took 6ms. User: unknown
/TaskProject.GET took 0ms. User: unknown
/TaskProject/5.PUT took 7ms. User: unknown
/TaskProject.GET took 0ms. User: unknown
